06-13-2019 03:23:41 INFO  [main] com.blackducksoftware.integration.fortify.Application:48 logStarting - Starting Application on manikan-mac with PID 65285 (/Users/manikan/Documents/workspace-sts-3.9.8.RELEASE/hub-fortify-ssc-integration-service/bin started by manikan in /Users/manikan/Documents/workspace-sts-3.9.8.RELEASE/hub-fortify-ssc-integration-service)
06-13-2019 03:23:41 DEBUG [main] com.blackducksoftware.integration.fortify.Application:51 logStarting - Running with Spring Boot v1.5.10.RELEASE, Spring v4.3.14.RELEASE
06-13-2019 03:23:41 INFO  [main] com.blackducksoftware.integration.fortify.Application:593 logStartupProfileInfo - No active profile set, falling back to default profiles: default
06-13-2019 03:23:41 ERROR [main] org.springframework.boot.SpringApplication:771 reportFailure - Application startup failed
org.springframework.beans.factory.UnsatisfiedDependencyException: Error creating bean with name 'blackDuckFortifyJobConfig': Unsatisfied dependency expressed through field 'propertyConstants'; nested exception is org.springframework.beans.factory.UnsatisfiedDependencyException: Error creating bean with name 'propertyConstants': Unsatisfied dependency expressed through method 'setFortifyApplicationId' parameter 0; nested exception is org.springframework.beans.TypeMismatchException: Failed to convert value of type 'java.lang.String' to required type 'int'; nested exception is java.lang.NumberFormatException: For input string: ""
	at org.springframework.beans.factory.annotation.AutowiredAnnotationBeanPostProcessor$AutowiredFieldElement.inject(AutowiredAnnotationBeanPostProcessor.java:588)
	at org.springframework.beans.factory.annotation.InjectionMetadata.inject(InjectionMetadata.java:88)
	at org.springframework.beans.factory.annotation.AutowiredAnnotationBeanPostProcessor.postProcessPropertyValues(AutowiredAnnotationBeanPostProcessor.java:366)
	at org.springframework.beans.factory.support.AbstractAutowireCapableBeanFactory.populateBean(AbstractAutowireCapableBeanFactory.java:1264)
	at org.springframework.beans.factory.support.AbstractAutowireCapableBeanFactory.doCreateBean(AbstractAutowireCapableBeanFactory.java:553)
	at org.springframework.beans.factory.support.AbstractAutowireCapableBeanFactory.createBean(AbstractAutowireCapableBeanFactory.java:483)
	at org.springframework.beans.factory.support.AbstractBeanFactory$1.getObject(AbstractBeanFactory.java:306)
	at org.springframework.beans.factory.support.DefaultSingletonBeanRegistry.getSingleton(DefaultSingletonBeanRegistry.java:230)
	at org.springframework.beans.factory.support.AbstractBeanFactory.doGetBean(AbstractBeanFactory.java:302)
	at org.springframework.beans.factory.support.AbstractBeanFactory.getBean(AbstractBeanFactory.java:197)
	at org.springframework.beans.factory.support.DefaultListableBeanFactory.preInstantiateSingletons(DefaultListableBeanFactory.java:761)
	at org.springframework.context.support.AbstractApplicationContext.finishBeanFactoryInitialization(AbstractApplicationContext.java:867)
	at org.springframework.context.support.AbstractApplicationContext.refresh(AbstractApplicationContext.java:543)
	at org.springframework.boot.SpringApplication.refresh(SpringApplication.java:693)
	at org.springframework.boot.SpringApplication.refreshContext(SpringApplication.java:360)
	at org.springframework.boot.SpringApplication.run(SpringApplication.java:303)
	at org.springframework.boot.SpringApplication.run(SpringApplication.java:1118)
	at org.springframework.boot.SpringApplication.run(SpringApplication.java:1107)
	at com.blackducksoftware.integration.fortify.Application.main(Application.java:41)
Caused by: org.springframework.beans.factory.UnsatisfiedDependencyException: Error creating bean with name 'propertyConstants': Unsatisfied dependency expressed through method 'setFortifyApplicationId' parameter 0; nested exception is org.springframework.beans.TypeMismatchException: Failed to convert value of type 'java.lang.String' to required type 'int'; nested exception is java.lang.NumberFormatException: For input string: ""
	at org.springframework.beans.factory.annotation.AutowiredAnnotationBeanPostProcessor$AutowiredMethodElement.inject(AutowiredAnnotationBeanPostProcessor.java:667)
	at org.springframework.beans.factory.annotation.InjectionMetadata.inject(InjectionMetadata.java:88)
	at org.springframework.beans.factory.annotation.AutowiredAnnotationBeanPostProcessor.postProcessPropertyValues(AutowiredAnnotationBeanPostProcessor.java:366)
	at org.springframework.beans.factory.support.AbstractAutowireCapableBeanFactory.populateBean(AbstractAutowireCapableBeanFactory.java:1264)
	at org.springframework.beans.factory.support.AbstractAutowireCapableBeanFactory.doCreateBean(AbstractAutowireCapableBeanFactory.java:553)
	at org.springframework.beans.factory.support.AbstractAutowireCapableBeanFactory.createBean(AbstractAutowireCapableBeanFactory.java:483)
	at org.springframework.beans.factory.support.AbstractBeanFactory$1.getObject(AbstractBeanFactory.java:306)
	at org.springframework.beans.factory.support.DefaultSingletonBeanRegistry.getSingleton(DefaultSingletonBeanRegistry.java:230)
	at org.springframework.beans.factory.support.AbstractBeanFactory.doGetBean(AbstractBeanFactory.java:302)
	at org.springframework.beans.factory.support.AbstractBeanFactory.getBean(AbstractBeanFactory.java:202)
	at org.springframework.beans.factory.config.DependencyDescriptor.resolveCandidate(DependencyDescriptor.java:208)
	at org.springframework.beans.factory.support.DefaultListableBeanFactory.doResolveDependency(DefaultListableBeanFactory.java:1138)
	at org.springframework.beans.factory.support.DefaultListableBeanFactory.resolveDependency(DefaultListableBeanFactory.java:1066)
	at org.springframework.beans.factory.annotation.AutowiredAnnotationBeanPostProcessor$AutowiredFieldElement.inject(AutowiredAnnotationBeanPostProcessor.java:585)
	... 18 common frames omitted
Caused by: org.springframework.beans.TypeMismatchException: Failed to convert value of type 'java.lang.String' to required type 'int'; nested exception is java.lang.NumberFormatException: For input string: ""
	at org.springframework.beans.TypeConverterSupport.doConvert(TypeConverterSupport.java:77)
	at org.springframework.beans.TypeConverterSupport.convertIfNecessary(TypeConverterSupport.java:47)
	at org.springframework.beans.factory.support.DefaultListableBeanFactory.doResolveDependency(DefaultListableBeanFactory.java:1093)
	at org.springframework.beans.factory.support.DefaultListableBeanFactory.resolveDependency(DefaultListableBeanFactory.java:1066)
	at org.springframework.beans.factory.annotation.AutowiredAnnotationBeanPostProcessor$AutowiredMethodElement.inject(AutowiredAnnotationBeanPostProcessor.java:659)
	... 31 common frames omitted
Caused by: java.lang.NumberFormatException: For input string: ""
	at java.lang.NumberFormatException.forInputString(NumberFormatException.java:65)
	at java.lang.Integer.parseInt(Integer.java:592)
	at java.lang.Integer.valueOf(Integer.java:766)
	at org.springframework.util.NumberUtils.parseNumber(NumberUtils.java:208)
	at org.springframework.beans.propertyeditors.CustomNumberEditor.setAsText(CustomNumberEditor.java:113)
	at org.springframework.beans.TypeConverterDelegate.doConvertTextValue(TypeConverterDelegate.java:470)
	at org.springframework.beans.TypeConverterDelegate.doConvertValue(TypeConverterDelegate.java:443)
	at org.springframework.beans.TypeConverterDelegate.convertIfNecessary(TypeConverterDelegate.java:200)
	at org.springframework.beans.TypeConverterDelegate.convertIfNecessary(TypeConverterDelegate.java:109)
	at org.springframework.beans.TypeConverterSupport.doConvert(TypeConverterSupport.java:64)
	... 35 common frames omitted
06-13-2019 03:24:18 INFO  [main] com.blackducksoftware.integration.fortify.Application:48 logStarting - Starting Application on manikan-mac with PID 65396 (/Users/manikan/Documents/workspace-sts-3.9.8.RELEASE/hub-fortify-ssc-integration-service/bin started by manikan in /Users/manikan/Documents/workspace-sts-3.9.8.RELEASE/hub-fortify-ssc-integration-service)
06-13-2019 03:24:18 DEBUG [main] com.blackducksoftware.integration.fortify.Application:51 logStarting - Running with Spring Boot v1.5.10.RELEASE, Spring v4.3.14.RELEASE
06-13-2019 03:24:18 INFO  [main] com.blackducksoftware.integration.fortify.Application:593 logStartupProfileInfo - No active profile set, falling back to default profiles: default
06-13-2019 03:24:18 ERROR [main] org.springframework.boot.SpringApplication:771 reportFailure - Application startup failed
org.springframework.beans.factory.BeanCreationException: Error creating bean with name 'getFortifyFileTokenApi' defined in class path resource [com/blackducksoftware/integration/fortify/batch/job/BlackDuckFortifyJobConfig.class]: Bean instantiation via factory method failed; nested exception is org.springframework.beans.BeanInstantiationException: Failed to instantiate [com.blackducksoftware.integration.fortify.service.FortifyFileTokenApi]: Factory method 'getFortifyFileTokenApi' threw exception; nested exception is java.lang.IllegalArgumentException: Illegal URL: $FORTIFY_SERVER_URL
	at org.springframework.beans.factory.support.ConstructorResolver.instantiateUsingFactoryMethod(ConstructorResolver.java:599)
	at org.springframework.beans.factory.support.AbstractAutowireCapableBeanFactory.instantiateUsingFactoryMethod(AbstractAutowireCapableBeanFactory.java:1173)
	at org.springframework.beans.factory.support.AbstractAutowireCapableBeanFactory.createBeanInstance(AbstractAutowireCapableBeanFactory.java:1067)
	at org.springframework.beans.factory.support.AbstractAutowireCapableBeanFactory.doCreateBean(AbstractAutowireCapableBeanFactory.java:513)
	at org.springframework.beans.factory.support.AbstractAutowireCapableBeanFactory.createBean(AbstractAutowireCapableBeanFactory.java:483)
	at org.springframework.beans.factory.support.AbstractBeanFactory$1.getObject(AbstractBeanFactory.java:306)
	at org.springframework.beans.factory.support.DefaultSingletonBeanRegistry.getSingleton(DefaultSingletonBeanRegistry.java:230)
	at org.springframework.beans.factory.support.AbstractBeanFactory.doGetBean(AbstractBeanFactory.java:302)
	at org.springframework.beans.factory.support.AbstractBeanFactory.getBean(AbstractBeanFactory.java:197)
	at org.springframework.beans.factory.support.DefaultListableBeanFactory.preInstantiateSingletons(DefaultListableBeanFactory.java:761)
	at org.springframework.context.support.AbstractApplicationContext.finishBeanFactoryInitialization(AbstractApplicationContext.java:867)
	at org.springframework.context.support.AbstractApplicationContext.refresh(AbstractApplicationContext.java:543)
	at org.springframework.boot.SpringApplication.refresh(SpringApplication.java:693)
	at org.springframework.boot.SpringApplication.refreshContext(SpringApplication.java:360)
	at org.springframework.boot.SpringApplication.run(SpringApplication.java:303)
	at org.springframework.boot.SpringApplication.run(SpringApplication.java:1118)
	at org.springframework.boot.SpringApplication.run(SpringApplication.java:1107)
	at com.blackducksoftware.integration.fortify.Application.main(Application.java:41)
Caused by: org.springframework.beans.BeanInstantiationException: Failed to instantiate [com.blackducksoftware.integration.fortify.service.FortifyFileTokenApi]: Factory method 'getFortifyFileTokenApi' threw exception; nested exception is java.lang.IllegalArgumentException: Illegal URL: $FORTIFY_SERVER_URL
	at org.springframework.beans.factory.support.SimpleInstantiationStrategy.instantiate(SimpleInstantiationStrategy.java:189)
	at org.springframework.beans.factory.support.ConstructorResolver.instantiateUsingFactoryMethod(ConstructorResolver.java:588)
	... 17 common frames omitted
Caused by: java.lang.IllegalArgumentException: Illegal URL: $FORTIFY_SERVER_URL
	at retrofit2.Retrofit$Builder.baseUrl(Retrofit.java:437)
	at com.blackducksoftware.integration.fortify.service.FortifyFileTokenApi.<init>(FortifyFileTokenApi.java:59)
	at com.blackducksoftware.integration.fortify.batch.job.BlackDuckFortifyJobConfig.getFortifyFileTokenApi(BlackDuckFortifyJobConfig.java:79)
	at com.blackducksoftware.integration.fortify.batch.job.BlackDuckFortifyJobConfig$$EnhancerBySpringCGLIB$$497adc2a.CGLIB$getFortifyFileTokenApi$1(<generated>)
	at com.blackducksoftware.integration.fortify.batch.job.BlackDuckFortifyJobConfig$$EnhancerBySpringCGLIB$$497adc2a$$FastClassBySpringCGLIB$$86f515a8.invoke(<generated>)
	at org.springframework.cglib.proxy.MethodProxy.invokeSuper(MethodProxy.java:228)
	at org.springframework.context.annotation.ConfigurationClassEnhancer$BeanMethodInterceptor.intercept(ConfigurationClassEnhancer.java:358)
	at com.blackducksoftware.integration.fortify.batch.job.BlackDuckFortifyJobConfig$$EnhancerBySpringCGLIB$$497adc2a.getFortifyFileTokenApi(<generated>)
	at sun.reflect.NativeMethodAccessorImpl.invoke0(Native Method)
	at sun.reflect.NativeMethodAccessorImpl.invoke(NativeMethodAccessorImpl.java:62)
	at sun.reflect.DelegatingMethodAccessorImpl.invoke(DelegatingMethodAccessorImpl.java:43)
	at java.lang.reflect.Method.invoke(Method.java:498)
	at org.springframework.beans.factory.support.SimpleInstantiationStrategy.instantiate(SimpleInstantiationStrategy.java:162)
	... 18 common frames omitted
06-13-2019 03:25:03 INFO  [main] com.blackducksoftware.integration.fortify.Application:48 logStarting - Starting Application on manikan-mac with PID 65533 (/Users/manikan/Documents/workspace-sts-3.9.8.RELEASE/hub-fortify-ssc-integration-service/bin started by manikan in /Users/manikan/Documents/workspace-sts-3.9.8.RELEASE/hub-fortify-ssc-integration-service)
06-13-2019 03:25:03 DEBUG [main] com.blackducksoftware.integration.fortify.Application:51 logStarting - Running with Spring Boot v1.5.10.RELEASE, Spring v4.3.14.RELEASE
06-13-2019 03:25:03 INFO  [main] com.blackducksoftware.integration.fortify.Application:593 logStartupProfileInfo - No active profile set, falling back to default profiles: default
06-13-2019 03:25:03 ERROR [main] org.springframework.boot.SpringApplication:771 reportFailure - Application startup failed
org.springframework.beans.factory.BeanCreationException: Error creating bean with name 'getFortifyFileTokenApi' defined in class path resource [com/blackducksoftware/integration/fortify/batch/job/BlackDuckFortifyJobConfig.class]: Bean instantiation via factory method failed; nested exception is org.springframework.beans.BeanInstantiationException: Failed to instantiate [com.blackducksoftware.integration.fortify.service.FortifyFileTokenApi]: Factory method 'getFortifyFileTokenApi' threw exception; nested exception is java.lang.IllegalArgumentException: baseUrl must end in /: http://10.2.66.20:8080/ssc
	at org.springframework.beans.factory.support.ConstructorResolver.instantiateUsingFactoryMethod(ConstructorResolver.java:599)
	at org.springframework.beans.factory.support.AbstractAutowireCapableBeanFactory.instantiateUsingFactoryMethod(AbstractAutowireCapableBeanFactory.java:1173)
	at org.springframework.beans.factory.support.AbstractAutowireCapableBeanFactory.createBeanInstance(AbstractAutowireCapableBeanFactory.java:1067)
	at org.springframework.beans.factory.support.AbstractAutowireCapableBeanFactory.doCreateBean(AbstractAutowireCapableBeanFactory.java:513)
	at org.springframework.beans.factory.support.AbstractAutowireCapableBeanFactory.createBean(AbstractAutowireCapableBeanFactory.java:483)
	at org.springframework.beans.factory.support.AbstractBeanFactory$1.getObject(AbstractBeanFactory.java:306)
	at org.springframework.beans.factory.support.DefaultSingletonBeanRegistry.getSingleton(DefaultSingletonBeanRegistry.java:230)
	at org.springframework.beans.factory.support.AbstractBeanFactory.doGetBean(AbstractBeanFactory.java:302)
	at org.springframework.beans.factory.support.AbstractBeanFactory.getBean(AbstractBeanFactory.java:197)
	at org.springframework.beans.factory.support.DefaultListableBeanFactory.preInstantiateSingletons(DefaultListableBeanFactory.java:761)
	at org.springframework.context.support.AbstractApplicationContext.finishBeanFactoryInitialization(AbstractApplicationContext.java:867)
	at org.springframework.context.support.AbstractApplicationContext.refresh(AbstractApplicationContext.java:543)
	at org.springframework.boot.SpringApplication.refresh(SpringApplication.java:693)
	at org.springframework.boot.SpringApplication.refreshContext(SpringApplication.java:360)
	at org.springframework.boot.SpringApplication.run(SpringApplication.java:303)
	at org.springframework.boot.SpringApplication.run(SpringApplication.java:1118)
	at org.springframework.boot.SpringApplication.run(SpringApplication.java:1107)
	at com.blackducksoftware.integration.fortify.Application.main(Application.java:41)
Caused by: org.springframework.beans.BeanInstantiationException: Failed to instantiate [com.blackducksoftware.integration.fortify.service.FortifyFileTokenApi]: Factory method 'getFortifyFileTokenApi' threw exception; nested exception is java.lang.IllegalArgumentException: baseUrl must end in /: http://10.2.66.20:8080/ssc
	at org.springframework.beans.factory.support.SimpleInstantiationStrategy.instantiate(SimpleInstantiationStrategy.java:189)
	at org.springframework.beans.factory.support.ConstructorResolver.instantiateUsingFactoryMethod(ConstructorResolver.java:588)
	... 17 common frames omitted
Caused by: java.lang.IllegalArgumentException: baseUrl must end in /: http://10.2.66.20:8080/ssc
	at retrofit2.Retrofit$Builder.baseUrl(Retrofit.java:496)
	at retrofit2.Retrofit$Builder.baseUrl(Retrofit.java:439)
	at com.blackducksoftware.integration.fortify.service.FortifyFileTokenApi.<init>(FortifyFileTokenApi.java:59)
	at com.blackducksoftware.integration.fortify.batch.job.BlackDuckFortifyJobConfig.getFortifyFileTokenApi(BlackDuckFortifyJobConfig.java:79)
	at com.blackducksoftware.integration.fortify.batch.job.BlackDuckFortifyJobConfig$$EnhancerBySpringCGLIB$$1709bb10.CGLIB$getFortifyFileTokenApi$1(<generated>)
	at com.blackducksoftware.integration.fortify.batch.job.BlackDuckFortifyJobConfig$$EnhancerBySpringCGLIB$$1709bb10$$FastClassBySpringCGLIB$$d75e9339.invoke(<generated>)
	at org.springframework.cglib.proxy.MethodProxy.invokeSuper(MethodProxy.java:228)
	at org.springframework.context.annotation.ConfigurationClassEnhancer$BeanMethodInterceptor.intercept(ConfigurationClassEnhancer.java:358)
	at com.blackducksoftware.integration.fortify.batch.job.BlackDuckFortifyJobConfig$$EnhancerBySpringCGLIB$$1709bb10.getFortifyFileTokenApi(<generated>)
	at sun.reflect.NativeMethodAccessorImpl.invoke0(Native Method)
	at sun.reflect.NativeMethodAccessorImpl.invoke(NativeMethodAccessorImpl.java:62)
	at sun.reflect.DelegatingMethodAccessorImpl.invoke(DelegatingMethodAccessorImpl.java:43)
	at java.lang.reflect.Method.invoke(Method.java:498)
	at org.springframework.beans.factory.support.SimpleInstantiationStrategy.instantiate(SimpleInstantiationStrategy.java:162)
	... 18 common frames omitted
06-13-2019 03:25:28 INFO  [main] com.blackducksoftware.integration.fortify.Application:48 logStarting - Starting Application on manikan-mac with PID 65600 (/Users/manikan/Documents/workspace-sts-3.9.8.RELEASE/hub-fortify-ssc-integration-service/bin started by manikan in /Users/manikan/Documents/workspace-sts-3.9.8.RELEASE/hub-fortify-ssc-integration-service)
06-13-2019 03:25:28 DEBUG [main] com.blackducksoftware.integration.fortify.Application:51 logStarting - Running with Spring Boot v1.5.10.RELEASE, Spring v4.3.14.RELEASE
06-13-2019 03:25:28 INFO  [main] com.blackducksoftware.integration.fortify.Application:593 logStartupProfileInfo - No active profile set, falling back to default profiles: default
06-13-2019 03:25:28 INFO  [main] com.blackducksoftware.integration.fortify.batch.job.BlackDuckFortifyJobConfig:122 pushBlackDuckScanToFortifyJob - Push Blackduck Scan data to Fortify Job
06-13-2019 03:25:29 INFO  [main] com.blackducksoftware.integration.fortify.batch.job.BlackDuckFortifyJobConfig:154 beforeJob - Job started at::Wed Jun 12 23:25:29 EDT 2019
06-13-2019 03:25:29 INFO  [main] com.blackducksoftware.integration.fortify.batch.step.Initializer:71 execute - Started MappingParserTask
06-13-2019 03:25:29 INFO  [pool-2-thread-1] okhttp3.OkHttpClient:126 log - --> POST http://10.2.66.20:8080/ssc/api/v1/fileTokens http/1.1
06-13-2019 03:25:29 INFO  [pool-2-thread-1] okhttp3.OkHttpClient:126 log - Content-Type: application/json
06-13-2019 03:25:29 INFO  [pool-2-thread-1] okhttp3.OkHttpClient:126 log - Content-Length: 26
06-13-2019 03:25:29 INFO  [pool-2-thread-1] okhttp3.OkHttpClient:126 log - Accept: application/json
06-13-2019 03:25:29 INFO  [pool-2-thread-1] okhttp3.OkHttpClient:126 log - 
06-13-2019 03:25:29 INFO  [pool-2-thread-1] okhttp3.OkHttpClient:126 log - {"fileTokenType":"UPLOAD"}
06-13-2019 03:25:29 INFO  [pool-2-thread-1] okhttp3.OkHttpClient:126 log - --> END POST (26-byte body)
06-13-2019 03:25:29 INFO  [pool-2-thread-1] okhttp3.OkHttpClient:126 log - <-- HTTP FAILED: java.net.ConnectException: Failed to connect to /10.2.66.20:8080
06-13-2019 03:25:29 ERROR [pool-2-thread-1] com.blackducksoftware.integration.fortify.service.FortifyFileTokenApi:79 getFileToken - Error while retrieving the file token for upload
java.net.ConnectException: Failed to connect to /10.2.66.20:8080
	at okhttp3.internal.io.RealConnection.connectSocket(RealConnection.java:187)
	at okhttp3.internal.io.RealConnection.buildConnection(RealConnection.java:170)
	at okhttp3.internal.io.RealConnection.connect(RealConnection.java:111)
	at okhttp3.internal.http.StreamAllocation.findConnection(StreamAllocation.java:187)
	at okhttp3.internal.http.StreamAllocation.findHealthyConnection(StreamAllocation.java:123)
	at okhttp3.internal.http.StreamAllocation.newStream(StreamAllocation.java:93)
	at okhttp3.internal.http.HttpEngine.connect(HttpEngine.java:296)
	at okhttp3.internal.http.HttpEngine.sendRequest(HttpEngine.java:248)
	at okhttp3.RealCall.getResponse(RealCall.java:243)
	at okhttp3.RealCall$ApplicationInterceptorChain.proceed(RealCall.java:201)
	at okhttp3.logging.HttpLoggingInterceptor.intercept(HttpLoggingInterceptor.java:212)
	at okhttp3.RealCall$ApplicationInterceptorChain.proceed(RealCall.java:190)
	at okhttp3.RealCall.getResponseWithInterceptorChain(RealCall.java:163)
	at okhttp3.RealCall.execute(RealCall.java:57)
	at retrofit2.OkHttpCall.execute(OkHttpCall.java:174)
	at com.blackducksoftware.integration.fortify.service.FortifyFileTokenApi.getFileToken(FortifyFileTokenApi.java:76)
	at com.blackducksoftware.integration.fortify.batch.step.BlackDuckFortifyPushThread.getFileToken(BlackDuckFortifyPushThread.java:100)
	at com.blackducksoftware.integration.fortify.batch.step.BlackDuckFortifyPushThread.call(BlackDuckFortifyPushThread.java:79)
	at com.blackducksoftware.integration.fortify.batch.step.BlackDuckFortifyPushThread.call(BlackDuckFortifyPushThread.java:1)
	at java.util.concurrent.FutureTask.run(FutureTask.java:266)
	at java.util.concurrent.ThreadPoolExecutor.runWorker(ThreadPoolExecutor.java:1149)
	at java.util.concurrent.ThreadPoolExecutor$Worker.run(ThreadPoolExecutor.java:624)
	at java.lang.Thread.run(Thread.java:748)
06-13-2019 03:25:29 ERROR [main] org.springframework.batch.core.step.AbstractStep:229 execute - Encountered an error executing step Push Blackduck Scan data to Fortify Job in job Push Blackduck Scan data to Fortify Job
java.util.concurrent.ExecutionException: java.io.IOException: Error while retrieving the file token for upload
	at java.util.concurrent.FutureTask.report(FutureTask.java:122)
	at java.util.concurrent.FutureTask.get(FutureTask.java:192)
	at com.blackducksoftware.integration.fortify.batch.step.Initializer.execute(Initializer.java:80)
	at org.springframework.batch.core.step.tasklet.TaskletStep$ChunkTransactionCallback.doInTransaction(TaskletStep.java:406)
	at org.springframework.batch.core.step.tasklet.TaskletStep$ChunkTransactionCallback.doInTransaction(TaskletStep.java:330)
	at org.springframework.transaction.support.TransactionTemplate.execute(TransactionTemplate.java:133)
	at org.springframework.batch.core.step.tasklet.TaskletStep$2.doInChunkContext(TaskletStep.java:272)
	at org.springframework.batch.core.scope.context.StepContextRepeatCallback.doInIteration(StepContextRepeatCallback.java:81)
	at org.springframework.batch.repeat.support.RepeatTemplate.getNextResult(RepeatTemplate.java:374)
	at org.springframework.batch.repeat.support.RepeatTemplate.executeInternal(RepeatTemplate.java:215)
	at org.springframework.batch.repeat.support.RepeatTemplate.iterate(RepeatTemplate.java:144)
	at org.springframework.batch.core.step.tasklet.TaskletStep.doExecute(TaskletStep.java:257)
	at org.springframework.batch.core.step.AbstractStep.execute(AbstractStep.java:200)
	at org.springframework.batch.core.job.SimpleStepHandler.handleStep(SimpleStepHandler.java:148)
	at org.springframework.batch.core.job.flow.JobFlowExecutor.executeStep(JobFlowExecutor.java:64)
	at org.springframework.batch.core.job.flow.support.state.StepState.handle(StepState.java:67)
	at org.springframework.batch.core.job.flow.support.SimpleFlow.resume(SimpleFlow.java:169)
	at org.springframework.batch.core.job.flow.support.SimpleFlow.start(SimpleFlow.java:144)
	at org.springframework.batch.core.job.flow.FlowJob.doExecute(FlowJob.java:134)
	at org.springframework.batch.core.job.AbstractJob.execute(AbstractJob.java:306)
	at org.springframework.batch.core.launch.support.SimpleJobLauncher$1.run(SimpleJobLauncher.java:135)
	at org.springframework.core.task.SyncTaskExecutor.execute(SyncTaskExecutor.java:50)
	at org.springframework.batch.core.launch.support.SimpleJobLauncher.run(SimpleJobLauncher.java:128)
	at org.springframework.boot.autoconfigure.batch.JobLauncherCommandLineRunner.execute(JobLauncherCommandLineRunner.java:211)
	at org.springframework.boot.autoconfigure.batch.JobLauncherCommandLineRunner.executeLocalJobs(JobLauncherCommandLineRunner.java:227)
	at org.springframework.boot.autoconfigure.batch.JobLauncherCommandLineRunner.launchJobFromProperties(JobLauncherCommandLineRunner.java:123)
	at org.springframework.boot.autoconfigure.batch.JobLauncherCommandLineRunner.run(JobLauncherCommandLineRunner.java:117)
	at org.springframework.boot.SpringApplication.callRunner(SpringApplication.java:732)
	at org.springframework.boot.SpringApplication.callRunners(SpringApplication.java:716)
	at org.springframework.boot.SpringApplication.afterRefresh(SpringApplication.java:703)
	at org.springframework.boot.SpringApplication.run(SpringApplication.java:304)
	at org.springframework.boot.SpringApplication.run(SpringApplication.java:1118)
	at org.springframework.boot.SpringApplication.run(SpringApplication.java:1107)
	at com.blackducksoftware.integration.fortify.Application.main(Application.java:41)
Caused by: java.io.IOException: Error while retrieving the file token for upload
	at com.blackducksoftware.integration.fortify.service.FortifyFileTokenApi.getFileToken(FortifyFileTokenApi.java:80)
	at com.blackducksoftware.integration.fortify.batch.step.BlackDuckFortifyPushThread.getFileToken(BlackDuckFortifyPushThread.java:100)
	at com.blackducksoftware.integration.fortify.batch.step.BlackDuckFortifyPushThread.call(BlackDuckFortifyPushThread.java:79)
	at com.blackducksoftware.integration.fortify.batch.step.BlackDuckFortifyPushThread.call(BlackDuckFortifyPushThread.java:1)
	at java.util.concurrent.FutureTask.run(FutureTask.java:266)
	at java.util.concurrent.ThreadPoolExecutor.runWorker(ThreadPoolExecutor.java:1149)
	at java.util.concurrent.ThreadPoolExecutor$Worker.run(ThreadPoolExecutor.java:624)
	at java.lang.Thread.run(Thread.java:748)
Caused by: java.net.ConnectException: Failed to connect to /10.2.66.20:8080
	at okhttp3.internal.io.RealConnection.connectSocket(RealConnection.java:187)
	at okhttp3.internal.io.RealConnection.buildConnection(RealConnection.java:170)
	at okhttp3.internal.io.RealConnection.connect(RealConnection.java:111)
	at okhttp3.internal.http.StreamAllocation.findConnection(StreamAllocation.java:187)
	at okhttp3.internal.http.StreamAllocation.findHealthyConnection(StreamAllocation.java:123)
	at okhttp3.internal.http.StreamAllocation.newStream(StreamAllocation.java:93)
	at okhttp3.internal.http.HttpEngine.connect(HttpEngine.java:296)
	at okhttp3.internal.http.HttpEngine.sendRequest(HttpEngine.java:248)
	at okhttp3.RealCall.getResponse(RealCall.java:243)
	at okhttp3.RealCall$ApplicationInterceptorChain.proceed(RealCall.java:201)
	at okhttp3.logging.HttpLoggingInterceptor.intercept(HttpLoggingInterceptor.java:212)
	at okhttp3.RealCall$ApplicationInterceptorChain.proceed(RealCall.java:190)
	at okhttp3.RealCall.getResponseWithInterceptorChain(RealCall.java:163)
	at okhttp3.RealCall.execute(RealCall.java:57)
	at retrofit2.OkHttpCall.execute(OkHttpCall.java:174)
	at com.blackducksoftware.integration.fortify.service.FortifyFileTokenApi.getFileToken(FortifyFileTokenApi.java:76)
	... 7 common frames omitted
06-13-2019 03:25:29 INFO  [main] com.blackducksoftware.integration.fortify.batch.job.BlackDuckFortifyJobConfig:146 afterJob - Job completed at::Wed Jun 12 23:25:29 EDT 2019
06-13-2019 03:25:29 INFO  [main] com.blackducksoftware.integration.fortify.Application:57 logStarted - Started Application in 1.292 seconds (JVM running for 1.792)
06-13-2019 03:30:25 INFO  [main] com.blackducksoftware.integration.fortify.Application:48 logStarting - Starting Application on manikan-mac with PID 66506 (/Users/manikan/Documents/workspace-sts-3.9.8.RELEASE/hub-fortify-ssc-integration-service/bin started by manikan in /Users/manikan/Documents/workspace-sts-3.9.8.RELEASE/hub-fortify-ssc-integration-service)
06-13-2019 03:30:25 DEBUG [main] com.blackducksoftware.integration.fortify.Application:51 logStarting - Running with Spring Boot v1.5.10.RELEASE, Spring v4.3.14.RELEASE
06-13-2019 03:30:25 INFO  [main] com.blackducksoftware.integration.fortify.Application:593 logStartupProfileInfo - No active profile set, falling back to default profiles: default
06-13-2019 03:30:26 INFO  [main] com.blackducksoftware.integration.fortify.batch.job.BlackDuckFortifyJobConfig:122 pushBlackDuckScanToFortifyJob - Push Blackduck Scan data to Fortify Job
06-13-2019 03:30:26 INFO  [main] com.blackducksoftware.integration.fortify.batch.job.BlackDuckFortifyJobConfig:154 beforeJob - Job started at::Wed Jun 12 23:30:26 EDT 2019
06-13-2019 03:30:26 INFO  [main] com.blackducksoftware.integration.fortify.batch.step.Initializer:71 execute - Started MappingParserTask
06-13-2019 03:30:26 INFO  [pool-2-thread-1] okhttp3.OkHttpClient:126 log - --> POST http://10.2.66.20:8080/ssc/api/v1/fileTokens http/1.1
06-13-2019 03:30:26 INFO  [pool-2-thread-1] okhttp3.OkHttpClient:126 log - Content-Type: application/json
06-13-2019 03:30:26 INFO  [pool-2-thread-1] okhttp3.OkHttpClient:126 log - Content-Length: 26
06-13-2019 03:30:26 INFO  [pool-2-thread-1] okhttp3.OkHttpClient:126 log - Accept: application/json
06-13-2019 03:30:26 INFO  [pool-2-thread-1] okhttp3.OkHttpClient:126 log - 
06-13-2019 03:30:26 INFO  [pool-2-thread-1] okhttp3.OkHttpClient:126 log - {"fileTokenType":"UPLOAD"}
06-13-2019 03:30:26 INFO  [pool-2-thread-1] okhttp3.OkHttpClient:126 log - --> END POST (26-byte body)
06-13-2019 03:30:26 INFO  [pool-2-thread-1] okhttp3.OkHttpClient:126 log - <-- HTTP FAILED: java.net.ConnectException: Failed to connect to /10.2.66.20:8080
06-13-2019 03:30:26 ERROR [pool-2-thread-1] com.blackducksoftware.integration.fortify.service.FortifyFileTokenApi:79 getFileToken - Error while retrieving the file token for upload
java.net.ConnectException: Failed to connect to /10.2.66.20:8080
	at okhttp3.internal.io.RealConnection.connectSocket(RealConnection.java:187)
	at okhttp3.internal.io.RealConnection.buildConnection(RealConnection.java:170)
	at okhttp3.internal.io.RealConnection.connect(RealConnection.java:111)
	at okhttp3.internal.http.StreamAllocation.findConnection(StreamAllocation.java:187)
	at okhttp3.internal.http.StreamAllocation.findHealthyConnection(StreamAllocation.java:123)
	at okhttp3.internal.http.StreamAllocation.newStream(StreamAllocation.java:93)
	at okhttp3.internal.http.HttpEngine.connect(HttpEngine.java:296)
	at okhttp3.internal.http.HttpEngine.sendRequest(HttpEngine.java:248)
	at okhttp3.RealCall.getResponse(RealCall.java:243)
	at okhttp3.RealCall$ApplicationInterceptorChain.proceed(RealCall.java:201)
	at okhttp3.logging.HttpLoggingInterceptor.intercept(HttpLoggingInterceptor.java:212)
	at okhttp3.RealCall$ApplicationInterceptorChain.proceed(RealCall.java:190)
	at okhttp3.RealCall.getResponseWithInterceptorChain(RealCall.java:163)
	at okhttp3.RealCall.execute(RealCall.java:57)
	at retrofit2.OkHttpCall.execute(OkHttpCall.java:174)
	at com.blackducksoftware.integration.fortify.service.FortifyFileTokenApi.getFileToken(FortifyFileTokenApi.java:76)
	at com.blackducksoftware.integration.fortify.batch.step.BlackDuckFortifyPushThread.getFileToken(BlackDuckFortifyPushThread.java:100)
	at com.blackducksoftware.integration.fortify.batch.step.BlackDuckFortifyPushThread.call(BlackDuckFortifyPushThread.java:79)
	at com.blackducksoftware.integration.fortify.batch.step.BlackDuckFortifyPushThread.call(BlackDuckFortifyPushThread.java:1)
	at java.util.concurrent.FutureTask.run(FutureTask.java:266)
	at java.util.concurrent.ThreadPoolExecutor.runWorker(ThreadPoolExecutor.java:1149)
	at java.util.concurrent.ThreadPoolExecutor$Worker.run(ThreadPoolExecutor.java:624)
	at java.lang.Thread.run(Thread.java:748)
06-13-2019 03:30:26 ERROR [main] org.springframework.batch.core.step.AbstractStep:229 execute - Encountered an error executing step Push Blackduck Scan data to Fortify Job in job Push Blackduck Scan data to Fortify Job
java.util.concurrent.ExecutionException: java.io.IOException: Error while retrieving the file token for upload
	at java.util.concurrent.FutureTask.report(FutureTask.java:122)
	at java.util.concurrent.FutureTask.get(FutureTask.java:192)
	at com.blackducksoftware.integration.fortify.batch.step.Initializer.execute(Initializer.java:80)
	at org.springframework.batch.core.step.tasklet.TaskletStep$ChunkTransactionCallback.doInTransaction(TaskletStep.java:406)
	at org.springframework.batch.core.step.tasklet.TaskletStep$ChunkTransactionCallback.doInTransaction(TaskletStep.java:330)
	at org.springframework.transaction.support.TransactionTemplate.execute(TransactionTemplate.java:133)
	at org.springframework.batch.core.step.tasklet.TaskletStep$2.doInChunkContext(TaskletStep.java:272)
	at org.springframework.batch.core.scope.context.StepContextRepeatCallback.doInIteration(StepContextRepeatCallback.java:81)
	at org.springframework.batch.repeat.support.RepeatTemplate.getNextResult(RepeatTemplate.java:374)
	at org.springframework.batch.repeat.support.RepeatTemplate.executeInternal(RepeatTemplate.java:215)
	at org.springframework.batch.repeat.support.RepeatTemplate.iterate(RepeatTemplate.java:144)
	at org.springframework.batch.core.step.tasklet.TaskletStep.doExecute(TaskletStep.java:257)
	at org.springframework.batch.core.step.AbstractStep.execute(AbstractStep.java:200)
	at org.springframework.batch.core.job.SimpleStepHandler.handleStep(SimpleStepHandler.java:148)
	at org.springframework.batch.core.job.flow.JobFlowExecutor.executeStep(JobFlowExecutor.java:64)
	at org.springframework.batch.core.job.flow.support.state.StepState.handle(StepState.java:67)
	at org.springframework.batch.core.job.flow.support.SimpleFlow.resume(SimpleFlow.java:169)
	at org.springframework.batch.core.job.flow.support.SimpleFlow.start(SimpleFlow.java:144)
	at org.springframework.batch.core.job.flow.FlowJob.doExecute(FlowJob.java:134)
	at org.springframework.batch.core.job.AbstractJob.execute(AbstractJob.java:306)
	at org.springframework.batch.core.launch.support.SimpleJobLauncher$1.run(SimpleJobLauncher.java:135)
	at org.springframework.core.task.SyncTaskExecutor.execute(SyncTaskExecutor.java:50)
	at org.springframework.batch.core.launch.support.SimpleJobLauncher.run(SimpleJobLauncher.java:128)
	at org.springframework.boot.autoconfigure.batch.JobLauncherCommandLineRunner.execute(JobLauncherCommandLineRunner.java:211)
	at org.springframework.boot.autoconfigure.batch.JobLauncherCommandLineRunner.executeLocalJobs(JobLauncherCommandLineRunner.java:227)
	at org.springframework.boot.autoconfigure.batch.JobLauncherCommandLineRunner.launchJobFromProperties(JobLauncherCommandLineRunner.java:123)
	at org.springframework.boot.autoconfigure.batch.JobLauncherCommandLineRunner.run(JobLauncherCommandLineRunner.java:117)
	at org.springframework.boot.SpringApplication.callRunner(SpringApplication.java:732)
	at org.springframework.boot.SpringApplication.callRunners(SpringApplication.java:716)
	at org.springframework.boot.SpringApplication.afterRefresh(SpringApplication.java:703)
	at org.springframework.boot.SpringApplication.run(SpringApplication.java:304)
	at org.springframework.boot.SpringApplication.run(SpringApplication.java:1118)
	at org.springframework.boot.SpringApplication.run(SpringApplication.java:1107)
	at com.blackducksoftware.integration.fortify.Application.main(Application.java:41)
Caused by: java.io.IOException: Error while retrieving the file token for upload
	at com.blackducksoftware.integration.fortify.service.FortifyFileTokenApi.getFileToken(FortifyFileTokenApi.java:80)
	at com.blackducksoftware.integration.fortify.batch.step.BlackDuckFortifyPushThread.getFileToken(BlackDuckFortifyPushThread.java:100)
	at com.blackducksoftware.integration.fortify.batch.step.BlackDuckFortifyPushThread.call(BlackDuckFortifyPushThread.java:79)
	at com.blackducksoftware.integration.fortify.batch.step.BlackDuckFortifyPushThread.call(BlackDuckFortifyPushThread.java:1)
	at java.util.concurrent.FutureTask.run(FutureTask.java:266)
	at java.util.concurrent.ThreadPoolExecutor.runWorker(ThreadPoolExecutor.java:1149)
	at java.util.concurrent.ThreadPoolExecutor$Worker.run(ThreadPoolExecutor.java:624)
	at java.lang.Thread.run(Thread.java:748)
Caused by: java.net.ConnectException: Failed to connect to /10.2.66.20:8080
	at okhttp3.internal.io.RealConnection.connectSocket(RealConnection.java:187)
	at okhttp3.internal.io.RealConnection.buildConnection(RealConnection.java:170)
	at okhttp3.internal.io.RealConnection.connect(RealConnection.java:111)
	at okhttp3.internal.http.StreamAllocation.findConnection(StreamAllocation.java:187)
	at okhttp3.internal.http.StreamAllocation.findHealthyConnection(StreamAllocation.java:123)
	at okhttp3.internal.http.StreamAllocation.newStream(StreamAllocation.java:93)
	at okhttp3.internal.http.HttpEngine.connect(HttpEngine.java:296)
	at okhttp3.internal.http.HttpEngine.sendRequest(HttpEngine.java:248)
	at okhttp3.RealCall.getResponse(RealCall.java:243)
	at okhttp3.RealCall$ApplicationInterceptorChain.proceed(RealCall.java:201)
	at okhttp3.logging.HttpLoggingInterceptor.intercept(HttpLoggingInterceptor.java:212)
	at okhttp3.RealCall$ApplicationInterceptorChain.proceed(RealCall.java:190)
	at okhttp3.RealCall.getResponseWithInterceptorChain(RealCall.java:163)
	at okhttp3.RealCall.execute(RealCall.java:57)
	at retrofit2.OkHttpCall.execute(OkHttpCall.java:174)
	at com.blackducksoftware.integration.fortify.service.FortifyFileTokenApi.getFileToken(FortifyFileTokenApi.java:76)
	... 7 common frames omitted
06-13-2019 03:30:26 INFO  [main] com.blackducksoftware.integration.fortify.batch.job.BlackDuckFortifyJobConfig:146 afterJob - Job completed at::Wed Jun 12 23:30:26 EDT 2019
06-13-2019 03:30:26 INFO  [main] com.blackducksoftware.integration.fortify.Application:57 logStarted - Started Application in 1.544 seconds (JVM running for 2.09)
